[ 2024-06-22 15:21:06,154 ] 96 werkzeug - WARNING -  * Debugger is active!
[ 2024-06-22 15:21:06,172 ] 96 werkzeug - INFO -  * Debugger PIN: 113-255-639
[ 2024-06-22 15:21:06,500 ] 96 werkzeug - INFO -  * Detected change in 'c:\\users\\subhan sheikh\\desktop\\machine learning1\\machine learning  complete piplinefor _project\\ml_pipeline_project\\venv\\Tools\\scripts\\win_add2path.py', reloading
[ 2024-06-22 15:21:06,502 ] 96 werkzeug - INFO -  * Detected change in 'C:\\Users\\Subhan Sheikh\\Desktop\\machine learning1\\Machine learning  complete piplineFor _project\\ml_pipeline_project\\venv\\Tools\\scripts\\win_add2path.py', reloading
[ 2024-06-22 15:21:06,504 ] 96 werkzeug - INFO -  * Detected change in 'c:\\users\\subhan sheikh\\desktop\\machine learning1\\machine learning  complete piplinefor _project\\ml_pipeline_project\\venv\\Tools\\scripts\\win_add2path.py', reloading
[ 2024-06-22 15:21:06,505 ] 96 werkzeug - INFO -  * Detected change in 'C:\\Users\\Subhan Sheikh\\Desktop\\machine learning1\\Machine learning  complete piplineFor _project\\ml_pipeline_project\\venv\\Tools\\scripts\\win_add2path.py', reloading
[ 2024-06-22 15:21:06,518 ] 96 werkzeug - INFO -  * Detected change in 'c:\\users\\subhan sheikh\\desktop\\machine learning1\\machine learning  complete piplinefor _project\\ml_pipeline_project\\venv\\Tools\\scripts\\which.py', reloading
[ 2024-06-22 15:21:06,519 ] 96 werkzeug - INFO -  * Detected change in 'C:\\Users\\Subhan Sheikh\\Desktop\\machine learning1\\Machine learning  complete piplineFor _project\\ml_pipeline_project\\venv\\Tools\\scripts\\which.py', reloading
[ 2024-06-22 15:21:06,521 ] 96 werkzeug - INFO -  * Detected change in 'c:\\users\\subhan sheikh\\desktop\\machine learning1\\machine learning  complete piplinefor _project\\ml_pipeline_project\\venv\\Tools\\scripts\\which.py', reloading
[ 2024-06-22 15:21:06,522 ] 96 werkzeug - INFO -  * Detected change in 'C:\\Users\\Subhan Sheikh\\Desktop\\machine learning1\\Machine learning  complete piplineFor _project\\ml_pipeline_project\\venv\\Tools\\scripts\\which.py', reloading
[ 2024-06-22 15:21:06,549 ] 96 werkzeug - INFO -  * Detected change in 'C:\\Users\\Subhan Sheikh\\Desktop\\machine learning1\\Machine learning  complete piplineFor _project\\ml_pipeline_project\\venv\\Tools\\scripts\\verify_ensurepip_wheels.py', reloading
[ 2024-06-22 15:21:06,550 ] 96 werkzeug - INFO -  * Detected change in 'c:\\users\\subhan sheikh\\desktop\\machine learning1\\machine learning  complete piplinefor _project\\ml_pipeline_project\\venv\\Tools\\scripts\\verify_ensurepip_wheels.py', reloading
[ 2024-06-22 15:21:06,579 ] 96 werkzeug - INFO -  * Detected change in 'C:\\Users\\Subhan Sheikh\\Desktop\\machine learning1\\Machine learning  complete piplineFor _project\\ml_pipeline_project\\venv\\Tools\\scripts\\var_access_benchmark.py', reloading
[ 2024-06-22 15:21:06,580 ] 96 werkzeug - INFO -  * Detected change in 'c:\\users\\subhan sheikh\\desktop\\machine learning1\\machine learning  complete piplinefor _project\\ml_pipeline_project\\venv\\Tools\\scripts\\var_access_benchmark.py', reloading
[ 2024-06-22 15:21:06,599 ] 96 werkzeug - INFO -  * Detected change in 'C:\\Users\\Subhan Sheikh\\Desktop\\machine learning1\\Machine learning  complete piplineFor _project\\ml_pipeline_project\\venv\\Tools\\scripts\\update_file.py', reloading
[ 2024-06-22 15:21:06,616 ] 96 werkzeug - INFO -  * Detected change in 'C:\\Users\\Subhan Sheikh\\Desktop\\machine learning1\\Machine learning  complete piplineFor _project\\ml_pipeline_project\\venv\\Tools\\scripts\\untabify.py', reloading
[ 2024-06-22 15:21:06,622 ] 96 werkzeug - INFO -  * Detected change in 'c:\\users\\subhan sheikh\\desktop\\machine learning1\\machine learning  complete piplinefor _project\\ml_pipeline_project\\venv\\Tools\\scripts\\update_file.py', reloading
[ 2024-06-22 15:21:06,624 ] 96 werkzeug - INFO -  * Detected change in 'c:\\users\\subhan sheikh\\desktop\\machine learning1\\machine learning  complete piplinefor _project\\ml_pipeline_project\\venv\\Tools\\scripts\\update_file.py', reloading
[ 2024-06-22 15:21:06,626 ] 96 werkzeug - INFO -  * Detected change in 'c:\\users\\subhan sheikh\\desktop\\machine learning1\\machine learning  complete piplinefor _project\\ml_pipeline_project\\venv\\Tools\\scripts\\untabify.py', reloading
[ 2024-06-22 15:21:06,629 ] 96 werkzeug - INFO -  * Detected change in 'c:\\users\\subhan sheikh\\desktop\\machine learning1\\machine learning  complete piplinefor _project\\ml_pipeline_project\\venv\\Tools\\scripts\\untabify.py', reloading
[ 2024-06-22 15:21:06,673 ] 96 werkzeug - INFO -  * Detected change in 'C:\\Users\\Subhan Sheikh\\Desktop\\machine learning1\\Machine learning  complete piplineFor _project\\ml_pipeline_project\\venv\\Tools\\scripts\\texi2html.py', reloading
[ 2024-06-22 15:21:06,673 ] 96 werkzeug - INFO -  * Detected change in 'c:\\users\\subhan sheikh\\desktop\\machine learning1\\machine learning  complete piplinefor _project\\ml_pipeline_project\\venv\\Tools\\scripts\\texi2html.py', reloading
[ 2024-06-22 15:21:06,726 ] 96 werkzeug - INFO -  * Detected change in 'C:\\Users\\Subhan Sheikh\\Desktop\\machine learning1\\Machine learning  complete piplineFor _project\\ml_pipeline_project\\venv\\Tools\\scripts\\suff.py', reloading
[ 2024-06-22 15:21:06,727 ] 96 werkzeug - INFO -  * Detected change in 'c:\\users\\subhan sheikh\\desktop\\machine learning1\\machine learning  complete piplinefor _project\\ml_pipeline_project\\venv\\Tools\\scripts\\suff.py', reloading
[ 2024-06-22 15:21:06,739 ] 96 werkzeug - INFO -  * Detected change in 'C:\\Users\\Subhan Sheikh\\Desktop\\machine learning1\\Machine learning  complete piplineFor _project\\ml_pipeline_project\\venv\\Tools\\scripts\\stable_abi.py', reloading
[ 2024-06-22 15:21:06,740 ] 96 werkzeug - INFO -  * Detected change in 'c:\\users\\subhan sheikh\\desktop\\machine learning1\\machine learning  complete piplinefor _project\\ml_pipeline_project\\venv\\Tools\\scripts\\stable_abi.py', reloading
[ 2024-06-22 15:21:06,742 ] 96 werkzeug - INFO -  * Detected change in 'C:\\Users\\Subhan Sheikh\\Desktop\\machine learning1\\Machine learning  complete piplineFor _project\\ml_pipeline_project\\venv\\Tools\\scripts\\stable_abi.py', reloading
[ 2024-06-22 15:21:06,743 ] 96 werkzeug - INFO -  * Detected change in 'c:\\users\\subhan sheikh\\desktop\\machine learning1\\machine learning  complete piplinefor _project\\ml_pipeline_project\\venv\\Tools\\scripts\\stable_abi.py', reloading
[ 2024-06-22 15:21:06,755 ] 96 werkzeug - INFO -  * Detected change in 'C:\\Users\\Subhan Sheikh\\Desktop\\machine learning1\\Machine learning  complete piplineFor _project\\ml_pipeline_project\\venv\\Tools\\scripts\\smelly.py', reloading
[ 2024-06-22 15:21:06,756 ] 96 werkzeug - INFO -  * Detected change in 'c:\\users\\subhan sheikh\\desktop\\machine learning1\\machine learning  complete piplinefor _project\\ml_pipeline_project\\venv\\Tools\\scripts\\smelly.py', reloading
[ 2024-06-22 15:21:06,757 ] 96 werkzeug - INFO -  * Detected change in 'c:\\users\\subhan sheikh\\desktop\\machine learning1\\machine learning  complete piplinefor _project\\ml_pipeline_project\\venv\\Tools\\scripts\\smelly.py', reloading
[ 2024-06-22 15:21:07,290 ] 96 werkzeug - INFO -  * Detected change in 'C:\\Users\\Subhan Sheikh\\Desktop\\machine learning1\\Machine learning  complete piplineFor _project\\ml_pipeline_project\\venv\\Lib\\site.py', reloading
[ 2024-06-22 15:21:07,290 ] 96 werkzeug - INFO -  * Detected change in 'c:\\users\\subhan sheikh\\desktop\\machine learning1\\machine learning  complete piplinefor _project\\ml_pipeline_project\\venv\\Lib\\site.py', reloading
